[01m[K/workspaces/Autonomous-Drone-Assistance/ros2_ws/drone_control/src/drone_mover.cpp:28:2:[m[K [01;31m[Kerror: [m[Kexpected â€˜[01m[K;[m[Kâ€™ after class definition
   28 | }
      |  [01;31m[K^[m[K
      |  [32m[K;[m[K
[01m[K/workspaces/Autonomous-Drone-Assistance/ros2_ws/drone_control/src/drone_mover.cpp:[m[K In constructor â€˜[01m[KDroneMover::DroneMover()[m[Kâ€™:
[01m[K/workspaces/Autonomous-Drone-Assistance/ros2_ws/drone_control/src/drone_mover.cpp:12:57:[m[K [01;31m[Kerror: [m[Kexpected â€˜[01m[K)[m[Kâ€™ before â€˜[01m[Kl[m[Kâ€™
   12 |                 std::bind(&DroneMover::move_drone, this)[01;31m[Kl[m[K
      |                                                         [01;31m[K^[m[K
[01m[K/workspaces/Autonomous-Drone-Assistance/ros2_ws/drone_control/src/drone_mover.cpp:10:45:[m[K [01;36m[Knote: [m[Kto match this â€˜[01m[K([m[Kâ€™
   10 |             timer_ = this->create_wall_timer[01;36m[K([m[K
      |                                             [01;36m[K^[m[K
gmake[2]: *** [CMakeFiles/drone_mover.dir/build.make:76: CMakeFiles/drone_mover.dir/src/drone_mover.cpp.o] Error 1
gmake[1]: *** [CMakeFiles/Makefile2:137: CMakeFiles/drone_mover.dir/all] Error 2
gmake: *** [Makefile:146: all] Error 2
